<?xml version="1.0" encoding="UTF-8"?>
<testsuite name="com.member.homework.util.PasswordUtilTest" tests="2" skipped="0" failures="0" errors="0" timestamp="2024-04-27T02:21:34" hostname="seominjaeui-Macmini.local" time="0.301">
  <properties/>
  <testcase name="비밀번호를 평문으로 입력하면 암호화 할 수 있어야 한다." classname="com.member.homework.util.PasswordUtilTest" time="0.15"/>
  <testcase name="입력한 비밀번호와 암호화 한 비밀번호가 다르면 인증에 실패해야 한다." classname="com.member.homework.util.PasswordUtilTest" time="0.151"/>
  <system-out><![CDATA[2024-04-27T11:21:34.761+09:00  INFO 10518 --- [    Test worker] t.c.s.AnnotationConfigContextLoaderUtils : Could not detect default configuration classes for test class [com.member.homework.util.PasswordUtilTest]: PasswordUtilTest does not declare any static, non-private, non-final, nested classes annotated with @Configuration.
2024-04-27T11:21:34.764+09:00  INFO 10518 --- [    Test worker] .b.t.c.SpringBootTestContextBootstrapper : Found @SpringBootConfiguration com.member.homework.HomeworkApplication for test class com.member.homework.util.PasswordUtilTest
]]></system-out>
  <system-err><![CDATA[]]></system-err>
</testsuite>
