<?xml version="1.0" encoding="UTF-8"?>
<testsuite name="com.member.homework.service.RevertPasswordServiceTest" tests="2" skipped="0" failures="0" errors="0" timestamp="2024-04-27T02:21:34" hostname="seominjaeui-Macmini.local" time="0.31">
  <properties/>
  <testcase name="관리자는 사용자의 비밀번호를 초기화 할 수 있다." classname="com.member.homework.service.RevertPasswordServiceTest" time="0.227"/>
  <testcase name="존재하지 않는 사용자의 비밀번호는 초기화 할 수 없다." classname="com.member.homework.service.RevertPasswordServiceTest" time="0.083"/>
  <system-out><![CDATA[2024-04-27T11:21:34.449+09:00  INFO 10518 --- [    Test worker] t.c.s.AnnotationConfigContextLoaderUtils : Could not detect default configuration classes for test class [com.member.homework.service.RevertPasswordServiceTest]: RevertPasswordServiceTest does not declare any static, non-private, non-final, nested classes annotated with @Configuration.
2024-04-27T11:21:34.449+09:00  INFO 10518 --- [    Test worker] .b.t.c.SpringBootTestContextBootstrapper : Found @SpringBootConfiguration com.member.homework.HomeworkApplication for test class com.member.homework.service.RevertPasswordServiceTest
Hibernate: insert into member_role (member_id,mod_date,reg_date,role_id,member_role_id) values (?,?,?,?,default)
Hibernate: insert into role (mod_date,reg_date,role_name,role_id) values (?,?,?,default)
Hibernate: insert into member (id,mod_date,name,password,reg_date,member_id) values (?,?,?,?,?,default)
Hibernate: insert into member_role (member_id,mod_date,reg_date,role_id,member_role_id) values (?,?,?,?,default)
Hibernate: insert into role (mod_date,reg_date,role_name,role_id) values (?,?,?,default)
Hibernate: insert into member (id,mod_date,name,password,reg_date,member_id) values (?,?,?,?,?,default)
Hibernate: select m1_0.member_id,m1_0.id,m1_0.mod_date,m1_0.name,m1_0.password,m1_0.reg_date from member m1_0 where m1_0.member_id=?
]]></system-out>
  <system-err><![CDATA[]]></system-err>
</testsuite>
