<?xml version="1.0" encoding="UTF-8"?>
<testsuite name="com.member.homework.service.RegisterMemberServiceTest" tests="2" skipped="0" failures="0" errors="0" timestamp="2024-04-27T02:21:34" hostname="seominjaeui-Macmini.local" time="0.239">
  <properties/>
  <testcase name="존재하는 ID로 가입을 시도하면 가입이 실패해야 한다." classname="com.member.homework.service.RegisterMemberServiceTest" time="0.082"/>
  <testcase name="관리자는 회원을 생성할 수 있어야 한다." classname="com.member.homework.service.RegisterMemberServiceTest" time="0.156"/>
  <system-out><![CDATA[2024-04-27T11:21:34.039+09:00  INFO 10518 --- [    Test worker] t.c.s.AnnotationConfigContextLoaderUtils : Could not detect default configuration classes for test class [com.member.homework.service.RegisterMemberServiceTest]: RegisterMemberServiceTest does not declare any static, non-private, non-final, nested classes annotated with @Configuration.
2024-04-27T11:21:34.039+09:00  INFO 10518 --- [    Test worker] .b.t.c.SpringBootTestContextBootstrapper : Found @SpringBootConfiguration com.member.homework.HomeworkApplication for test class com.member.homework.service.RegisterMemberServiceTest
Hibernate: select m1_0.member_id from member m1_0 where m1_0.id=? fetch first ? rows only
Hibernate: insert into member (id,mod_date,name,password,reg_date,member_id) values (?,?,?,?,?,default)
Hibernate: select m1_0.member_id from member m1_0 where m1_0.id=? fetch first ? rows only
Hibernate: select m1_0.member_id from member m1_0 where m1_0.id=? fetch first ? rows only
Hibernate: insert into member (id,mod_date,name,password,reg_date,member_id) values (?,?,?,?,?,default)
Hibernate: select m1_0.member_id,m1_0.id,m1_0.mod_date,m1_0.name,m1_0.password,m1_0.reg_date from member m1_0 where m1_0.id=?
]]></system-out>
  <system-err><![CDATA[]]></system-err>
</testsuite>
