<?xml version="1.0" encoding="UTF-8"?>
<testsuite name="com.member.homework.service.RemoveMemberServiceTest" tests="2" skipped="0" failures="0" errors="0" timestamp="2024-04-27T02:21:34" hostname="seominjaeui-Macmini.local" time="0.165">
  <properties/>
  <testcase name="관리자는 회원을 삭제할 수 있어야 한다." classname="com.member.homework.service.RemoveMemberServiceTest" time="0.083"/>
  <testcase name="존재하지 않는 회원의 삭제 시도는 실패해야 한다." classname="com.member.homework.service.RemoveMemberServiceTest" time="0.081"/>
  <system-out><![CDATA[2024-04-27T11:21:34.281+09:00  INFO 10518 --- [    Test worker] t.c.s.AnnotationConfigContextLoaderUtils : Could not detect default configuration classes for test class [com.member.homework.service.RemoveMemberServiceTest]: RemoveMemberServiceTest does not declare any static, non-private, non-final, nested classes annotated with @Configuration.
2024-04-27T11:21:34.281+09:00  INFO 10518 --- [    Test worker] .b.t.c.SpringBootTestContextBootstrapper : Found @SpringBootConfiguration com.member.homework.HomeworkApplication for test class com.member.homework.service.RemoveMemberServiceTest
Hibernate: insert into member_role (member_id,mod_date,reg_date,role_id,member_role_id) values (?,?,?,?,default)
Hibernate: insert into role (mod_date,reg_date,role_name,role_id) values (?,?,?,default)
Hibernate: insert into member (id,mod_date,name,password,reg_date,member_id) values (?,?,?,?,?,default)
Hibernate: delete from member_role where member_role_id=?
Hibernate: delete from member where member_id=?
Hibernate: select m1_0.member_id,m1_0.id,m1_0.mod_date,m1_0.name,m1_0.password,m1_0.reg_date from member m1_0 where m1_0.id=?
Hibernate: select mr1_0.member_role_id,mr1_0.member_id,mr1_0.mod_date,mr1_0.reg_date,mr1_0.role_id from member_role mr1_0
Hibernate: insert into member_role (member_id,mod_date,reg_date,role_id,member_role_id) values (?,?,?,?,default)
Hibernate: insert into role (mod_date,reg_date,role_name,role_id) values (?,?,?,default)
Hibernate: insert into member (id,mod_date,name,password,reg_date,member_id) values (?,?,?,?,?,default)
Hibernate: select m1_0.member_id,m1_0.id,m1_0.mod_date,m1_0.name,m1_0.password,m1_0.reg_date from member m1_0 where m1_0.member_id=?
]]></system-out>
  <system-err><![CDATA[]]></system-err>
</testsuite>
