<?xml version="1.0" encoding="UTF-8"?>
<testsuite name="com.member.homework.service.GrantRoleServiceTest" tests="2" skipped="0" failures="0" errors="0" timestamp="2024-04-27T02:21:33" hostname="seominjaeui-Macmini.local" time="0.166">
  <properties/>
  <testcase name="관리자는 사용자에게 권한을 부여할 수 있다." classname="com.member.homework.service.GrantRoleServiceTest" time="0.082"/>
  <testcase name="부여하려는 권한 리스트 중, 유효하지 않은 권한 부여시 권한 부여에 실패해야 한다." classname="com.member.homework.service.GrantRoleServiceTest" time="0.083"/>
  <system-out><![CDATA[2024-04-27T11:21:33.295+09:00  INFO 10518 --- [    Test worker] t.c.s.AnnotationConfigContextLoaderUtils : Could not detect default configuration classes for test class [com.member.homework.service.GrantRoleServiceTest]: GrantRoleServiceTest does not declare any static, non-private, non-final, nested classes annotated with @Configuration.
2024-04-27T11:21:33.295+09:00  INFO 10518 --- [    Test worker] .b.t.c.SpringBootTestContextBootstrapper : Found @SpringBootConfiguration com.member.homework.HomeworkApplication for test class com.member.homework.service.GrantRoleServiceTest
Hibernate: insert into member_role (member_id,mod_date,reg_date,role_id,member_role_id) values (?,?,?,?,default)
Hibernate: insert into role (mod_date,reg_date,role_name,role_id) values (?,?,?,default)
Hibernate: insert into member (id,mod_date,name,password,reg_date,member_id) values (?,?,?,?,?,default)
Hibernate: insert into role (mod_date,reg_date,role_name,role_id) values (?,?,?,default)
Hibernate: insert into role (mod_date,reg_date,role_name,role_id) values (?,?,?,default)
Hibernate: select r1_0.role_id,r1_0.mod_date,r1_0.reg_date,r1_0.role_name from role r1_0 where r1_0.role_name in (?,?)
Hibernate: insert into member_role (member_id,mod_date,reg_date,role_id,member_role_id) values (?,?,?,?,default)
Hibernate: insert into member_role (member_id,mod_date,reg_date,role_id,member_role_id) values (?,?,?,?,default)
Hibernate: insert into member_role (member_id,mod_date,reg_date,role_id,member_role_id) values (?,?,?,?,default)
Hibernate: insert into role (mod_date,reg_date,role_name,role_id) values (?,?,?,default)
Hibernate: insert into member (id,mod_date,name,password,reg_date,member_id) values (?,?,?,?,?,default)
Hibernate: insert into role (mod_date,reg_date,role_name,role_id) values (?,?,?,default)
Hibernate: select r1_0.role_id,r1_0.mod_date,r1_0.reg_date,r1_0.role_name from role r1_0 where r1_0.role_name in (?)
]]></system-out>
  <system-err><![CDATA[]]></system-err>
</testsuite>
