<?xml version="1.0" encoding="UTF-8"?>
<testsuite name="com.member.homework.repository.MemberRepositoryTest" tests="4" skipped="0" failures="0" errors="0" timestamp="2024-04-27T02:21:31" hostname="seominjaeui-Macmini.local" time="0.458">
  <properties/>
  <testcase name="가입된 회원을 전체 조회할 수 있어야 한다." classname="com.member.homework.repository.MemberRepositoryTest" time="0.428"/>
  <testcase name="회원의 고유 ID로 회원을 조회할 수 있어야 한다." classname="com.member.homework.repository.MemberRepositoryTest" time="0.012"/>
  <testcase name="회원의 고유 ID(PK)로 회원을 삭제할 수 있어야 한다." classname="com.member.homework.repository.MemberRepositoryTest" time="0.009"/>
  <testcase name="회원의 ID로 회원 존재 여부를 알 수 있어야 한다." classname="com.member.homework.repository.MemberRepositoryTest" time="0.007"/>
  <system-out><![CDATA[11:21:29.997 [Test worker] INFO org.springframework.test.context.support.AnnotationConfigContextLoaderUtils -- Could not detect default configuration classes for test class [com.member.homework.repository.MemberRepositoryTest]: MemberRepositoryTest does not declare any static, non-private, non-final, nested classes annotated with @Configuration.
11:21:30.053 [Test worker] INFO org.springframework.boot.test.context.SpringBootTestContextBootstrapper -- Found @SpringBootConfiguration com.member.homework.HomeworkApplication for test class com.member.homework.repository.MemberRepositoryTest

  .   ____          _            __ _ _
 /\\ / ___'_ __ _ _(_)_ __  __ _ \ \ \ \
( ( )\___ | '_ | '_| | '_ \/ _` | \ \ \ \
 \\/  ___)| |_)| | | | | || (_| |  ) ) ) )
  '  |____| .__|_| |_|_| |_\__, | / / / /
 =========|_|==============|___/=/_/_/_/
 :: Spring Boot ::                (v3.2.5)

2024-04-27T11:21:30.233+09:00  INFO 10518 --- [    Test worker] c.m.h.repository.MemberRepositoryTest    : Starting MemberRepositoryTest using Java 21.0.1 with PID 10518 (started by seominjae in /Users/seominjae/Desktop/tdd-homework/TDD-Study-Homework/CH2/homework)
2024-04-27T11:21:30.233+09:00  INFO 10518 --- [    Test worker] c.m.h.repository.MemberRepositoryTest    : No active profile set, falling back to 1 default profile: "default"
2024-04-27T11:21:30.453+09:00  INFO 10518 --- [    Test worker] .s.d.r.c.RepositoryConfigurationDelegate : Bootstrapping Spring Data JPA repositories in DEFAULT mode.
2024-04-27T11:21:30.496+09:00  INFO 10518 --- [    Test worker] .s.d.r.c.RepositoryConfigurationDelegate : Finished Spring Data repository scanning in 36 ms. Found 3 JPA repository interfaces.
2024-04-27T11:21:30.536+09:00  INFO 10518 --- [    Test worker] beddedDataSourceBeanFactoryPostProcessor : Replacing 'dataSource' DataSource bean with embedded version
2024-04-27T11:21:30.632+09:00  INFO 10518 --- [    Test worker] o.s.j.d.e.EmbeddedDatabaseFactory        : Starting embedded database: url='jdbc:h2:mem:7249d37b-469a-491a-aeb7-83d09a178a62;DB_CLOSE_DELAY=-1;DB_CLOSE_ON_EXIT=false', username='sa'
2024-04-27T11:21:30.766+09:00  INFO 10518 --- [    Test worker] o.hibernate.jpa.internal.util.LogHelper  : HHH000204: Processing PersistenceUnitInfo [name: default]
2024-04-27T11:21:30.786+09:00  INFO 10518 --- [    Test worker] org.hibernate.Version                    : HHH000412: Hibernate ORM core version 6.4.4.Final
2024-04-27T11:21:30.800+09:00  INFO 10518 --- [    Test worker] o.h.c.internal.RegionFactoryInitiator    : HHH000026: Second-level cache disabled
2024-04-27T11:21:30.893+09:00  INFO 10518 --- [    Test worker] o.s.o.j.p.SpringPersistenceUnitInfo      : No LoadTimeWeaver setup: ignoring JPA class transformer
2024-04-27T11:21:31.327+09:00  INFO 10518 --- [    Test worker] o.h.e.t.j.p.i.JtaPlatformInitiator       : HHH000489: No JTA platform available (set 'hibernate.transaction.jta.platform' to enable JTA platform integration)
Hibernate: drop table if exists member cascade 
Hibernate: drop table if exists member_role cascade 
Hibernate: drop table if exists role cascade 
Hibernate: create table member (member_id INTEGER generated by default as identity, mod_date TIMESTAMP, reg_date TIMESTAMP, id VARCHAR(30), name VARCHAR(30), password VARCHAR(200), primary key (member_id))
Hibernate: create table member_role (member_id INTEGER, member_role_id INTEGER generated by default as identity, mod_date TIMESTAMP, reg_date TIMESTAMP, role_id INTEGER, primary key (member_role_id))
Hibernate: create table role (mod_date TIMESTAMP, reg_date TIMESTAMP, role_id INTEGER generated by default as identity, role_name VARCHAR(30), primary key (role_id))
Hibernate: alter table if exists member_role add constraint FK34g7epqlcxqloewku3aoqhhmg foreign key (member_id) references member
Hibernate: alter table if exists member_role add constraint FKdiix07v86r3ntrbs3l02qr7y0 foreign key (role_id) references role
2024-04-27T11:21:31.350+09:00  INFO 10518 --- [    Test worker] j.LocalContainerEntityManagerFactoryBean : Initialized JPA EntityManagerFactory for persistence unit 'default'
2024-04-27T11:21:31.543+09:00  INFO 10518 --- [    Test worker] c.m.h.repository.MemberRepositoryTest    : Started MemberRepositoryTest in 1.461 seconds (process running for 2.04)
Hibernate: insert into member (id,mod_date,name,password,reg_date,member_id) values (?,?,?,?,?,default)
Hibernate: insert into member (id,mod_date,name,password,reg_date,member_id) values (?,?,?,?,?,default)
Hibernate: insert into member (id,mod_date,name,password,reg_date,member_id) values (?,?,?,?,?,default)
Hibernate: select m1_0.member_id,m1_0.id,m1_0.mod_date,m1_0.name,m1_0.password,m1_0.reg_date from member m1_0
Hibernate: insert into member (id,mod_date,name,password,reg_date,member_id) values (?,?,?,?,?,default)
Hibernate: select m1_0.member_id,m1_0.id,m1_0.mod_date,m1_0.name,m1_0.password,m1_0.reg_date from member m1_0 where m1_0.id=?
Hibernate: insert into member (id,mod_date,name,password,reg_date,member_id) values (?,?,?,?,?,default)
Hibernate: insert into member (id,mod_date,name,password,reg_date,member_id) values (?,?,?,?,?,default)
Hibernate: select m1_0.member_id from member m1_0 where m1_0.id=? fetch first ? rows only
Hibernate: select m1_0.member_id from member m1_0 where m1_0.id=? fetch first ? rows only
]]></system-out>
  <system-err><![CDATA[WARNING: A Java agent has been loaded dynamically (/Users/seominjae/.gradle/caches/modules-2/files-2.1/net.bytebuddy/byte-buddy-agent/1.14.13/979ce25f7d3096a2e82214ba7dc972a05ce7a171/byte-buddy-agent-1.14.13.jar)
WARNING: If a serviceability tool is in use, please run with -XX:+EnableDynamicAgentLoading to hide this warning
WARNING: If a serviceability tool is not in use, please run with -Djdk.instrument.traceUsage for more information
WARNING: Dynamic loading of agents will be disallowed by default in a future release
]]></system-err>
</testsuite>
