<?xml version="1.0" encoding="UTF-8"?>
<testsuite name="com.member.homework.service.MemberLoginServiceTest" tests="2" skipped="0" failures="0" errors="0" timestamp="2024-04-27T02:21:33" hostname="seominjaeui-Macmini.local" time="0.236">
  <properties/>
  <testcase name="사용자는 게시판 서비스에 로그인 할 수 있어야 한다." classname="com.member.homework.service.MemberLoginServiceTest" time="0.156"/>
  <testcase name="로그인 시도한 아이디가 존재하지 않는 아이디라면 로그인이 실패한다." classname="com.member.homework.service.MemberLoginServiceTest" time="0.08"/>
  <system-out><![CDATA[2024-04-27T11:21:33.474+09:00  INFO 10518 --- [    Test worker] t.c.s.AnnotationConfigContextLoaderUtils : Could not detect default configuration classes for test class [com.member.homework.service.MemberLoginServiceTest]: MemberLoginServiceTest does not declare any static, non-private, non-final, nested classes annotated with @Configuration.
2024-04-27T11:21:33.475+09:00  INFO 10518 --- [    Test worker] .b.t.c.SpringBootTestContextBootstrapper : Found @SpringBootConfiguration com.member.homework.HomeworkApplication for test class com.member.homework.service.MemberLoginServiceTest
Hibernate: insert into member_role (member_id,mod_date,reg_date,role_id,member_role_id) values (?,?,?,?,default)
Hibernate: insert into role (mod_date,reg_date,role_name,role_id) values (?,?,?,default)
Hibernate: insert into member (id,mod_date,name,password,reg_date,member_id) values (?,?,?,?,?,default)
Hibernate: select m1_0.member_id,m1_0.id,m1_0.mod_date,m1_0.name,m1_0.password,m1_0.reg_date from member m1_0 where m1_0.id=?
Hibernate: insert into member_role (member_id,mod_date,reg_date,role_id,member_role_id) values (?,?,?,?,default)
Hibernate: insert into role (mod_date,reg_date,role_name,role_id) values (?,?,?,default)
Hibernate: insert into member (id,mod_date,name,password,reg_date,member_id) values (?,?,?,?,?,default)
Hibernate: select m1_0.member_id,m1_0.id,m1_0.mod_date,m1_0.name,m1_0.password,m1_0.reg_date from member m1_0 where m1_0.id=?
]]></system-out>
  <system-err><![CDATA[]]></system-err>
</testsuite>
