<?xml version="1.0" encoding="UTF-8"?>
<testsuite name="com.member.homework.service.AdminLoginServiceTest" tests="4" skipped="0" failures="0" errors="0" timestamp="2024-04-27T02:21:32" hostname="seominjaeui-Macmini.local" time="0.576">
  <properties/>
  <testcase name="관리자 권한이 있는 사용자는 로그인에 성공해야 한다." classname="com.member.homework.service.AdminLoginServiceTest" time="0.184"/>
  <testcase name="로그인 시도한 아이디가 존재하지 않는 아이디라면 로그인이 실패한다." classname="com.member.homework.service.AdminLoginServiceTest" time="0.079"/>
  <testcase name="회원은 존재하지만 아이디와 비밀번호가 다른 경우 로그인이 실패한다." classname="com.member.homework.service.AdminLoginServiceTest" time="0.153"/>
  <testcase name="관리자 권한이 없는 사용자는 로그인에 실패해야 한다." classname="com.member.homework.service.AdminLoginServiceTest" time="0.158"/>
  <system-out><![CDATA[2024-04-27T11:21:32.022+09:00  INFO 10518 --- [    Test worker] t.c.s.AnnotationConfigContextLoaderUtils : Could not detect default configuration classes for test class [com.member.homework.service.AdminLoginServiceTest]: AdminLoginServiceTest does not declare any static, non-private, non-final, nested classes annotated with @Configuration.
2024-04-27T11:21:32.028+09:00  INFO 10518 --- [    Test worker] .b.t.c.SpringBootTestContextBootstrapper : Found @SpringBootConfiguration com.member.homework.HomeworkApplication for test class com.member.homework.service.AdminLoginServiceTest

  .   ____          _            __ _ _
 /\\ / ___'_ __ _ _(_)_ __  __ _ \ \ \ \
( ( )\___ | '_ | '_| | '_ \/ _` | \ \ \ \
 \\/  ___)| |_)| | | | | || (_| |  ) ) ) )
  '  |____| .__|_| |_|_| |_\__, | / / / /
 =========|_|==============|___/=/_/_/_/
 :: Spring Boot ::                (v3.2.5)

2024-04-27T11:21:32.047+09:00  INFO 10518 --- [    Test worker] c.m.h.service.AdminLoginServiceTest      : Starting AdminLoginServiceTest using Java 21.0.1 with PID 10518 (started by seominjae in /Users/seominjae/Desktop/tdd-homework/TDD-Study-Homework/CH2/homework)
2024-04-27T11:21:32.047+09:00  INFO 10518 --- [    Test worker] c.m.h.service.AdminLoginServiceTest      : No active profile set, falling back to 1 default profile: "default"
2024-04-27T11:21:32.199+09:00  INFO 10518 --- [    Test worker] .s.d.r.c.RepositoryConfigurationDelegate : Bootstrapping Spring Data JPA repositories in DEFAULT mode.
2024-04-27T11:21:32.204+09:00  INFO 10518 --- [    Test worker] .s.d.r.c.RepositoryConfigurationDelegate : Finished Spring Data repository scanning in 5 ms. Found 3 JPA repository interfaces.
2024-04-27T11:21:32.311+09:00  INFO 10518 --- [    Test worker] o.hibernate.jpa.internal.util.LogHelper  : HHH000204: Processing PersistenceUnitInfo [name: default]
2024-04-27T11:21:32.312+09:00  INFO 10518 --- [    Test worker] o.h.c.internal.RegionFactoryInitiator    : HHH000026: Second-level cache disabled
2024-04-27T11:21:32.316+09:00  INFO 10518 --- [    Test worker] o.s.o.j.p.SpringPersistenceUnitInfo      : No LoadTimeWeaver setup: ignoring JPA class transformer
2024-04-27T11:21:32.317+09:00  INFO 10518 --- [    Test worker] com.zaxxer.hikari.HikariDataSource       : HikariPool-1 - Starting...
2024-04-27T11:21:32.323+09:00  INFO 10518 --- [    Test worker] com.zaxxer.hikari.pool.HikariPool        : HikariPool-1 - Added connection conn9: url=jdbc:h2:mem:12d86e0f-52f7-40d1-a9c9-8fc702f28dbe user=SA
2024-04-27T11:21:32.324+09:00  INFO 10518 --- [    Test worker] com.zaxxer.hikari.HikariDataSource       : HikariPool-1 - Start completed.
2024-04-27T11:21:32.362+09:00  INFO 10518 --- [    Test worker] o.h.e.t.j.p.i.JtaPlatformInitiator       : HHH000489: No JTA platform available (set 'hibernate.transaction.jta.platform' to enable JTA platform integration)
Hibernate: drop table if exists member cascade 
Hibernate: drop table if exists member_role cascade 
Hibernate: drop table if exists role cascade 
Hibernate: create table member (member_id INTEGER generated by default as identity, mod_date TIMESTAMP, reg_date TIMESTAMP, id VARCHAR(30), name VARCHAR(30), password VARCHAR(200), primary key (member_id))
Hibernate: create table member_role (member_id INTEGER, member_role_id INTEGER generated by default as identity, mod_date TIMESTAMP, reg_date TIMESTAMP, role_id INTEGER, primary key (member_role_id))
Hibernate: create table role (mod_date TIMESTAMP, reg_date TIMESTAMP, role_id INTEGER generated by default as identity, role_name VARCHAR(30), primary key (role_id))
Hibernate: alter table if exists member_role add constraint FK34g7epqlcxqloewku3aoqhhmg foreign key (member_id) references member
Hibernate: alter table if exists member_role add constraint FKdiix07v86r3ntrbs3l02qr7y0 foreign key (role_id) references role
2024-04-27T11:21:32.367+09:00  INFO 10518 --- [    Test worker] j.LocalContainerEntityManagerFactoryBean : Initialized JPA EntityManagerFactory for persistence unit 'default'
2024-04-27T11:21:32.489+09:00  WARN 10518 --- [    Test worker] JpaBaseConfiguration$JpaWebConfiguration : spring.jpa.open-in-view is enabled by default. Therefore, database queries may be performed during view rendering. Explicitly configure spring.jpa.open-in-view to disable this warning
2024-04-27T11:21:32.644+09:00  WARN 10518 --- [    Test worker] .s.s.UserDetailsServiceAutoConfiguration : 

Using generated security password: 2e63d9b7-5986-4744-b63b-3747a2aa1215

This generated password is for development use only. Your security configuration must be updated before running your application in production.

2024-04-27T11:21:32.692+09:00  INFO 10518 --- [    Test worker] o.s.s.web.DefaultSecurityFilterChain     : Will secure any request with [org.springframework.security.web.session.DisableEncodeUrlFilter@37905236, org.springframework.security.web.context.request.async.WebAsyncManagerIntegrationFilter@4fdb338e, org.springframework.security.web.context.SecurityContextHolderFilter@5f83b506, org.springframework.security.web.header.HeaderWriterFilter@7ddf7e77, org.springframework.web.filter.CorsFilter@2de22e7, org.springframework.security.web.csrf.CsrfFilter@53251e03, org.springframework.security.web.authentication.logout.LogoutFilter@6121b045, org.springframework.security.web.authentication.UsernamePasswordAuthenticationFilter@7bb50de0, org.springframework.security.web.authentication.ui.DefaultLoginPageGeneratingFilter@6bed8d98, org.springframework.security.web.authentication.ui.DefaultLogoutPageGeneratingFilter@2c51ff83, org.springframework.security.web.authentication.www.BasicAuthenticationFilter@6193340e, org.springframework.security.web.savedrequest.RequestCacheAwareFilter@1377af49, org.springframework.security.web.servletapi.SecurityContextHolderAwareRequestFilter@1b3639a1, org.springframework.security.web.authentication.AnonymousAuthenticationFilter@196519dd, org.springframework.security.web.access.ExceptionTranslationFilter@7d727123, org.springframework.security.web.access.intercept.AuthorizationFilter@7900d917]
2024-04-27T11:21:32.711+09:00  INFO 10518 --- [    Test worker] c.m.h.service.AdminLoginServiceTest      : Started AdminLoginServiceTest in 0.677 seconds (process running for 3.208)
Hibernate: insert into member_role (member_id,mod_date,reg_date,role_id,member_role_id) values (?,?,?,?,default)
Hibernate: insert into role (mod_date,reg_date,role_name,role_id) values (?,?,?,default)
Hibernate: insert into member (id,mod_date,name,password,reg_date,member_id) values (?,?,?,?,?,default)
Hibernate: select m1_0.member_id,m1_0.id,m1_0.mod_date,m1_0.name,m1_0.password,m1_0.reg_date from member m1_0 where m1_0.id=?
Hibernate: insert into member_role (member_id,mod_date,reg_date,role_id,member_role_id) values (?,?,?,?,default)
Hibernate: insert into role (mod_date,reg_date,role_name,role_id) values (?,?,?,default)
Hibernate: insert into member (id,mod_date,name,password,reg_date,member_id) values (?,?,?,?,?,default)
Hibernate: select m1_0.member_id,m1_0.id,m1_0.mod_date,m1_0.name,m1_0.password,m1_0.reg_date from member m1_0 where m1_0.id=?
Hibernate: insert into member_role (member_id,mod_date,reg_date,role_id,member_role_id) values (?,?,?,?,default)
Hibernate: insert into role (mod_date,reg_date,role_name,role_id) values (?,?,?,default)
Hibernate: insert into member (id,mod_date,name,password,reg_date,member_id) values (?,?,?,?,?,default)
Hibernate: select m1_0.member_id,m1_0.id,m1_0.mod_date,m1_0.name,m1_0.password,m1_0.reg_date from member m1_0 where m1_0.id=?
Hibernate: insert into member_role (member_id,mod_date,reg_date,role_id,member_role_id) values (?,?,?,?,default)
Hibernate: insert into role (mod_date,reg_date,role_name,role_id) values (?,?,?,default)
Hibernate: insert into member (id,mod_date,name,password,reg_date,member_id) values (?,?,?,?,?,default)
Hibernate: select m1_0.member_id,m1_0.id,m1_0.mod_date,m1_0.name,m1_0.password,m1_0.reg_date from member m1_0 where m1_0.id=?
]]></system-out>
  <system-err><![CDATA[]]></system-err>
</testsuite>
